<?xml version='1.0' encoding='UTF-8'?>
<testsuite hostname="Davids-MacBook-Pro.local" name="edu.luc.cs271.arrayqueue.TestSimpleQueue" tests="12" errors="0" failures="0" skipped="0" time="0.018" timestamp="2024-02-28T07:11:00">
          <properties>
[...]
</properties>
          <testcase classname="edu.luc.cs271.arrayqueue.TestSimpleQueue" name="testAsListNonempty2()" time="0.012">
                      
                    </testcase><testcase classname="edu.luc.cs271.arrayqueue.TestSimpleQueue" name="testOffer3Poll3()" time="0.0">
                      
                    </testcase><testcase classname="edu.luc.cs271.arrayqueue.TestSimpleQueue" name="testClear()" time="0.0">
                      
                    </testcase><testcase classname="edu.luc.cs271.arrayqueue.TestSimpleQueue" name="testOffer5Poll5()" time="0.001">
                      
                    </testcase><testcase classname="edu.luc.cs271.arrayqueue.TestSimpleQueue" name="testOfferThenPoll()" time="0.0">
                      
                    </testcase><testcase classname="edu.luc.cs271.arrayqueue.TestSimpleQueue" name="testNegativeCapacity()" time="0.001">
                      
                    </testcase><testcase classname="edu.luc.cs271.arrayqueue.TestSimpleQueue" name="testAsListNonempty()" time="0.001">
                      
                    </testcase><testcase classname="edu.luc.cs271.arrayqueue.TestSimpleQueue" name="testAsListEmpty()" time="0.0">
                      
                    </testcase><testcase classname="edu.luc.cs271.arrayqueue.TestSimpleQueue" name="testAfterOffer()" time="0.001">
                      
                    </testcase><testcase classname="edu.luc.cs271.arrayqueue.TestSimpleQueue" name="testInitial()" time="0.001">
                      
                    </testcase><testcase classname="edu.luc.cs271.arrayqueue.TestSimpleQueue" name="testOffer3()" time="0.001">
                      
                    </testcase><testcase classname="edu.luc.cs271.arrayqueue.TestSimpleQueue" name="testOffer2ThenPoll2()" time="0.0">
                      
                    </testcase>
          <system-out><![CDATA[]]></system-out>
          <system-err><![CDATA[]]></system-err>
        </testsuite>